<?xml version="1.0" encoding="UTF-8"?>
<!-- Generated by org.testng.reporters.JUnitReportReporter -->
<testsuite hostname="NDI-LAP-165" failures="0" tests="3" name="Tests.TestCase" time="34.181" errors="0" timestamp="2022-07-29T14:48:12 IST" skipped="0">
  <testcase classname="Tests.TestCase" name="login" time="6.899"/>
  <system-out/>
  <testcase classname="Tests.TestCase" name="validateUserLogin" time="10.508"/>
  <system-out/>
  <testcase classname="Tests.TestCase" name="updateUserData" time="16.774"/>
  <system-out/>
</testsuite> <!-- Tests.TestCase -->
